<?xml version="1.0" encoding="UTF-8"?>
<!-- Generated by org.testng.reporters.JUnitXMLReporter -->
<testsuite ignored="2" hostname="CHQ-L-5ZSFLN3" failures="3" tests="25" name="Smoke Login Page" time="1644.114" errors="0" timestamp="2022-12-30T16:59:24 GST">
  <testcase classname="productionSmoke.ProductionHomePageGuestUserSmokeSuite" name="VerifyHomepagelist" time="6.125"/>
  <testcase classname="productionSmoke.ProductionHomePageGuestUserSmokeSuite" name="VerifyHomepagelist" time="6.084"/>
  <testcase classname="productionSmoke.ProductionHomePageGuestUserSmokeSuite" name="VerifyHomepagelist" time="6.101"/>
  <testcase classname="productionSmoke.ProductionHomePageGuestUserSmokeSuite" name="VerifyHomepagelist" time="6.083"/>
  <testcase classname="productionSmoke.ProductionHomePageGuestUserSmokeSuite" name="VerifyHomepagelist" time="6.086"/>
  <testcase classname="productionSmoke.ProductionHomePageGuestUserSmokeSuite" name="VerifyHomepagelist" time="6.083"/>
  <testcase classname="productionSmoke.ProductionPharmacyPageGuestUserSmokeSuite" name="VerifyHomepagelist" time="18.646"/>
  <testcase classname="productionSmoke.ProductionPharmacyPageGuestUserSmokeSuite" name="VerifyHomepagelist" time="18.56"/>
  <testcase classname="productionSmoke.ProductionPharmacyPageGuestUserSmokeSuite" name="VerifyHomepagelist" time="18.66"/>
  <testcase classname="productionSmoke.ProductionPharmacyPageGuestUserSmokeSuite" name="VerifyHomepagelist" time="18.578"/>
  <testcase classname="productionSmoke.ProductionPharmacyPageGuestUserSmokeSuite" name="VerifyHomepagelist" time="18.553"/>
  <testcase classname="productionSmoke.ProductionPharmacyPageGuestUserSmokeSuite" name="VerifyHomepagelist" time="18.556"/>
  <testcase classname="productionSmoke.ProductionPharmacyPageGuestUserSmokeSuite" name="VerifyPopularCategories" time="27.808"/>
  <testcase classname="productionSmoke.ProductionHomePageGuestUserSmokeSuite" name="VerifyPopularPharmacyCategories" time="15.518"/>
  <testcase classname="productionSmoke.ProductionPharmacyPageGuestUserSmokeSuite" name="VerifyAddandRemoveProducttoCart" time="234.157"/>
  <testcase classname="productionSmoke.ProductionPharmacyPageGuestUserSmokeSuite" name="VerifyAddandRemoveProducttoCart" time="24.592">
    <failure type="org.openqa.selenium.NoSuchElementException" message="no such element: Unable to locate element: {&amp;quot;method&amp;quot;:&amp;quot;xpath&amp;quot;,&amp;quot;selector&amp;quot;:&amp;quot;//h2[text()=&amp;apos;New Arrivals&amp;apos;]/following-sibling::a[text()=&amp;apos;View All&amp;apos;]&amp;quot;}
  (Session info: chrome=108.0.5359.125)
For documentation on this error, please visit: https://www.seleniumhq.org/exceptions/no_such_element.html
Build info: version: &amp;apos;3.141.59&amp;apos;, revision: &amp;apos;e82be7d358&amp;apos;, time: &amp;apos;2018-11-14T08:17:03&amp;apos;
System info: host: &amp;apos;CHQ-L-5ZSFLN3&amp;apos;, ip: &amp;apos;192.168.0.141&amp;apos;, os.name: &amp;apos;Windows 10&amp;apos;, os.arch: &amp;apos;amd64&amp;apos;, os.version: &amp;apos;10.0&amp;apos;, java.version: &amp;apos;17&amp;apos;
Driver info: org.openqa.selenium.chrome.ChromeDriver
Capabilities {acceptInsecureCerts: false, browserName: chrome, browserVersion: 108.0.5359.125, chrome: {chromedriverVersion: 108.0.5359.71 (1e0e3868ee06..., userDataDir: C:\Users\SRIVID~1.MER\AppDa...}, goog:chromeOptions: {debuggerAddress: localhost:64156}, javascriptEnabled: true, networkConnectionEnabled: false, pageLoadStrategy: normal, platform: WINDOWS, platformName: WINDOWS, proxy: Proxy(), setWindowRect: true, strictFileInteractability: false, timeouts: {implicit: 0, pageLoad: 300000, script: 30000}, unhandledPromptBehavior: dismiss and notify, webauthn:extension:credBlob: true, webauthn:extension:largeBlob: true, webauthn:virtualAuthenticators: true}
Session ID: c065d3b73b5776876f236c8f4562f156
*** Element info: {Using=xpath, value=//h2[text()=&amp;apos;New Arrivals&amp;apos;]/following-sibling::a[text()=&amp;apos;View All&amp;apos;]}">
      <![CDATA[org.openqa.selenium.NoSuchElementException: no such element: Unable to locate element: {"method":"xpath","selector":"//h2[text()='New Arrivals']/following-sibling::a[text()='View All']"}
  (Session info: chrome=108.0.5359.125)
For documentation on this error, please visit: https://www.seleniumhq.org/exceptions/no_such_element.html
Build info: version: '3.141.59', revision: 'e82be7d358', time: '2018-11-14T08:17:03'
System info: host: 'CHQ-L-5ZSFLN3', ip: '192.168.0.141', os.name: 'Windows 10', os.arch: 'amd64', os.version: '10.0', java.version: '17'
Driver info: org.openqa.selenium.chrome.ChromeDriver
Capabilities {acceptInsecureCerts: false, browserName: chrome, browserVersion: 108.0.5359.125, chrome: {chromedriverVersion: 108.0.5359.71 (1e0e3868ee06..., userDataDir: C:\Users\SRIVID~1.MER\AppDa...}, goog:chromeOptions: {debuggerAddress: localhost:64156}, javascriptEnabled: true, networkConnectionEnabled: false, pageLoadStrategy: normal, platform: WINDOWS, platformName: WINDOWS, proxy: Proxy(), setWindowRect: true, strictFileInteractability: false, timeouts: {implicit: 0, pageLoad: 300000, script: 30000}, unhandledPromptBehavior: dismiss and notify, webauthn:extension:credBlob: true, webauthn:extension:largeBlob: true, webauthn:virtualAuthenticators: true}
Session ID: c065d3b73b5776876f236c8f4562f156
*** Element info: {Using=xpath, value=//h2[text()='New Arrivals']/following-sibling::a[text()='View All']}
at org.openqa.selenium.remote.http.W3CHttpResponseCodec.createException(W3CHttpResponseCodec.java:187)
at org.openqa.selenium.remote.http.W3CHttpResponseCodec.decode(W3CHttpResponseCodec.java:122)
at org.openqa.selenium.remote.http.W3CHttpResponseCodec.decode(W3CHttpResponseCodec.java:49)
at org.openqa.selenium.remote.HttpCommandExecutor.execute(HttpCommandExecutor.java:158)
at org.openqa.selenium.remote.service.DriverCommandExecutor.execute(DriverCommandExecutor.java:83)
at org.openqa.selenium.remote.RemoteWebDriver.execute(RemoteWebDriver.java:552)
at org.openqa.selenium.remote.RemoteWebDriver.findElement(RemoteWebDriver.java:323)
at org.openqa.selenium.remote.RemoteWebDriver.findElementByXPath(RemoteWebDriver.java:428)
at org.openqa.selenium.By$ByXPath.findElement(By.java:353)
at org.openqa.selenium.remote.RemoteWebDriver.findElement(RemoteWebDriver.java:315)
at pageObjects.Aster.HomePage.ClickonViewAll(HomePage.java:90)
at productionSmoke.ProductionPharmacyPageGuestUserSmokeSuite.VerifyAddandRemoveProducttoCart(ProductionPharmacyPageGuestUserSmokeSuite.java:136)
at java.base/java.util.ArrayList.forEach(ArrayList.java:1511)
at java.base/java.util.concurrent.FutureTask.run(FutureTask.java:264)
at java.base/java.util.concurrent.ThreadPoolExecutor.runWorker(ThreadPoolExecutor.java:1136)
at java.base/java.util.concurrent.ThreadPoolExecutor$Worker.run(ThreadPoolExecutor.java:635)
at java.base/java.lang.Thread.run(Thread.java:833)
... Removed 22 stack frames]]>
    </failure>
  </testcase> <!-- VerifyAddandRemoveProducttoCart -->
  <testcase classname="productionSmoke.ProductionPharmacyPageGuestUserSmokeSuite" name="VerifyAddandRemoveProducttoCart" time="49.061">
    <failure type="org.openqa.selenium.NoSuchElementException" message="no such element: Unable to locate element: {&amp;quot;method&amp;quot;:&amp;quot;xpath&amp;quot;,&amp;quot;selector&amp;quot;:&amp;quot;//div[@class=&amp;apos;cartBox&amp;apos;]//div[@class=&amp;apos;badge&amp;apos;]&amp;quot;}
  (Session info: chrome=108.0.5359.125)
For documentation on this error, please visit: https://www.seleniumhq.org/exceptions/no_such_element.html
Build info: version: &amp;apos;3.141.59&amp;apos;, revision: &amp;apos;e82be7d358&amp;apos;, time: &amp;apos;2018-11-14T08:17:03&amp;apos;
System info: host: &amp;apos;CHQ-L-5ZSFLN3&amp;apos;, ip: &amp;apos;192.168.0.141&amp;apos;, os.name: &amp;apos;Windows 10&amp;apos;, os.arch: &amp;apos;amd64&amp;apos;, os.version: &amp;apos;10.0&amp;apos;, java.version: &amp;apos;17&amp;apos;
Driver info: org.openqa.selenium.chrome.ChromeDriver
Capabilities {acceptInsecureCerts: false, browserName: chrome, browserVersion: 108.0.5359.125, chrome: {chromedriverVersion: 108.0.5359.71 (1e0e3868ee06..., userDataDir: C:\Users\SRIVID~1.MER\AppDa...}, goog:chromeOptions: {debuggerAddress: localhost:64156}, javascriptEnabled: true, networkConnectionEnabled: false, pageLoadStrategy: normal, platform: WINDOWS, platformName: WINDOWS, proxy: Proxy(), setWindowRect: true, strictFileInteractability: false, timeouts: {implicit: 0, pageLoad: 300000, script: 30000}, unhandledPromptBehavior: dismiss and notify, webauthn:extension:credBlob: true, webauthn:extension:largeBlob: true, webauthn:virtualAuthenticators: true}
Session ID: c065d3b73b5776876f236c8f4562f156
*** Element info: {Using=xpath, value=//div[@class=&amp;apos;cartBox&amp;apos;]//div[@class=&amp;apos;badge&amp;apos;]}">
      <![CDATA[org.openqa.selenium.NoSuchElementException: no such element: Unable to locate element: {"method":"xpath","selector":"//div[@class='cartBox']//div[@class='badge']"}
  (Session info: chrome=108.0.5359.125)
For documentation on this error, please visit: https://www.seleniumhq.org/exceptions/no_such_element.html
Build info: version: '3.141.59', revision: 'e82be7d358', time: '2018-11-14T08:17:03'
System info: host: 'CHQ-L-5ZSFLN3', ip: '192.168.0.141', os.name: 'Windows 10', os.arch: 'amd64', os.version: '10.0', java.version: '17'
Driver info: org.openqa.selenium.chrome.ChromeDriver
Capabilities {acceptInsecureCerts: false, browserName: chrome, browserVersion: 108.0.5359.125, chrome: {chromedriverVersion: 108.0.5359.71 (1e0e3868ee06..., userDataDir: C:\Users\SRIVID~1.MER\AppDa...}, goog:chromeOptions: {debuggerAddress: localhost:64156}, javascriptEnabled: true, networkConnectionEnabled: false, pageLoadStrategy: normal, platform: WINDOWS, platformName: WINDOWS, proxy: Proxy(), setWindowRect: true, strictFileInteractability: false, timeouts: {implicit: 0, pageLoad: 300000, script: 30000}, unhandledPromptBehavior: dismiss and notify, webauthn:extension:credBlob: true, webauthn:extension:largeBlob: true, webauthn:virtualAuthenticators: true}
Session ID: c065d3b73b5776876f236c8f4562f156
*** Element info: {Using=xpath, value=//div[@class='cartBox']//div[@class='badge']}
at org.openqa.selenium.remote.http.W3CHttpResponseCodec.createException(W3CHttpResponseCodec.java:187)
at org.openqa.selenium.remote.http.W3CHttpResponseCodec.decode(W3CHttpResponseCodec.java:122)
at org.openqa.selenium.remote.http.W3CHttpResponseCodec.decode(W3CHttpResponseCodec.java:49)
at org.openqa.selenium.remote.HttpCommandExecutor.execute(HttpCommandExecutor.java:158)
at org.openqa.selenium.remote.service.DriverCommandExecutor.execute(DriverCommandExecutor.java:83)
at org.openqa.selenium.remote.RemoteWebDriver.execute(RemoteWebDriver.java:552)
at org.openqa.selenium.remote.RemoteWebDriver.findElement(RemoteWebDriver.java:323)
at org.openqa.selenium.remote.RemoteWebDriver.findElementByXPath(RemoteWebDriver.java:428)
at org.openqa.selenium.By$ByXPath.findElement(By.java:353)
at org.openqa.selenium.remote.RemoteWebDriver.findElement(RemoteWebDriver.java:315)
at org.openqa.selenium.support.pagefactory.DefaultElementLocator.findElement(DefaultElementLocator.java:69)
at org.openqa.selenium.support.pagefactory.internal.LocatingElementHandler.invoke(LocatingElementHandler.java:38)
at jdk.proxy2/jdk.proxy2.$Proxy17.isDisplayed(Unknown Source)
at pageObjects.Aster.CommonHomePharmacy.cartitemscountvalidation(CommonHomePharmacy.java:394)
at productionSmoke.ProductionPharmacyPageGuestUserSmokeSuite.VerifyAddandRemoveProducttoCart(ProductionPharmacyPageGuestUserSmokeSuite.java:141)
at java.base/java.util.ArrayList.forEach(ArrayList.java:1511)
at java.base/java.util.concurrent.FutureTask.run(FutureTask.java:264)
at java.base/java.util.concurrent.ThreadPoolExecutor.runWorker(ThreadPoolExecutor.java:1136)
at java.base/java.util.concurrent.ThreadPoolExecutor$Worker.run(ThreadPoolExecutor.java:635)
at java.base/java.lang.Thread.run(Thread.java:833)
... Removed 22 stack frames]]>
    </failure>
  </testcase> <!-- VerifyAddandRemoveProducttoCart -->
  <testcase classname="productionSmoke.ProductionHomePageGuestUserSmokeSuite" name="VerifyTopSpecialties" time="335.859"/>
  <testcase classname="productionSmoke.ProductionHomePageGuestUserSmokeSuite" name="VerifyClinicsNearbyYou" time="373.721"/>
  <testcase classname="productionSmoke.ProductionHomePageGuestUserSmokeSuite" name="VerifyAddandRemoveProducttoCart" time="43.005">
    <failure type="org.openqa.selenium.NoSuchElementException" message="no such element: Unable to locate element: {&amp;quot;method&amp;quot;:&amp;quot;xpath&amp;quot;,&amp;quot;selector&amp;quot;:&amp;quot;//div[@class=&amp;apos;cartBox&amp;apos;]//div[@class=&amp;apos;badge&amp;apos;]&amp;quot;}
  (Session info: chrome=108.0.5359.125)
For documentation on this error, please visit: https://www.seleniumhq.org/exceptions/no_such_element.html
Build info: version: &amp;apos;3.141.59&amp;apos;, revision: &amp;apos;e82be7d358&amp;apos;, time: &amp;apos;2018-11-14T08:17:03&amp;apos;
System info: host: &amp;apos;CHQ-L-5ZSFLN3&amp;apos;, ip: &amp;apos;192.168.0.141&amp;apos;, os.name: &amp;apos;Windows 10&amp;apos;, os.arch: &amp;apos;amd64&amp;apos;, os.version: &amp;apos;10.0&amp;apos;, java.version: &amp;apos;17&amp;apos;
Driver info: org.openqa.selenium.chrome.ChromeDriver
Capabilities {acceptInsecureCerts: false, browserName: chrome, browserVersion: 108.0.5359.125, chrome: {chromedriverVersion: 108.0.5359.71 (1e0e3868ee06..., userDataDir: C:\Users\SRIVID~1.MER\AppDa...}, goog:chromeOptions: {debuggerAddress: localhost:64072}, javascriptEnabled: true, networkConnectionEnabled: false, pageLoadStrategy: normal, platform: WINDOWS, platformName: WINDOWS, proxy: Proxy(), setWindowRect: true, strictFileInteractability: false, timeouts: {implicit: 0, pageLoad: 300000, script: 30000}, unhandledPromptBehavior: dismiss and notify, webauthn:extension:credBlob: true, webauthn:extension:largeBlob: true, webauthn:virtualAuthenticators: true}
Session ID: 03042db9f0b93bdf8009b096db840bf9
*** Element info: {Using=xpath, value=//div[@class=&amp;apos;cartBox&amp;apos;]//div[@class=&amp;apos;badge&amp;apos;]}">
      <![CDATA[org.openqa.selenium.NoSuchElementException: no such element: Unable to locate element: {"method":"xpath","selector":"//div[@class='cartBox']//div[@class='badge']"}
  (Session info: chrome=108.0.5359.125)
For documentation on this error, please visit: https://www.seleniumhq.org/exceptions/no_such_element.html
Build info: version: '3.141.59', revision: 'e82be7d358', time: '2018-11-14T08:17:03'
System info: host: 'CHQ-L-5ZSFLN3', ip: '192.168.0.141', os.name: 'Windows 10', os.arch: 'amd64', os.version: '10.0', java.version: '17'
Driver info: org.openqa.selenium.chrome.ChromeDriver
Capabilities {acceptInsecureCerts: false, browserName: chrome, browserVersion: 108.0.5359.125, chrome: {chromedriverVersion: 108.0.5359.71 (1e0e3868ee06..., userDataDir: C:\Users\SRIVID~1.MER\AppDa...}, goog:chromeOptions: {debuggerAddress: localhost:64072}, javascriptEnabled: true, networkConnectionEnabled: false, pageLoadStrategy: normal, platform: WINDOWS, platformName: WINDOWS, proxy: Proxy(), setWindowRect: true, strictFileInteractability: false, timeouts: {implicit: 0, pageLoad: 300000, script: 30000}, unhandledPromptBehavior: dismiss and notify, webauthn:extension:credBlob: true, webauthn:extension:largeBlob: true, webauthn:virtualAuthenticators: true}
Session ID: 03042db9f0b93bdf8009b096db840bf9
*** Element info: {Using=xpath, value=//div[@class='cartBox']//div[@class='badge']}
at org.openqa.selenium.remote.http.W3CHttpResponseCodec.createException(W3CHttpResponseCodec.java:187)
at org.openqa.selenium.remote.http.W3CHttpResponseCodec.decode(W3CHttpResponseCodec.java:122)
at org.openqa.selenium.remote.http.W3CHttpResponseCodec.decode(W3CHttpResponseCodec.java:49)
at org.openqa.selenium.remote.HttpCommandExecutor.execute(HttpCommandExecutor.java:158)
at org.openqa.selenium.remote.service.DriverCommandExecutor.execute(DriverCommandExecutor.java:83)
at org.openqa.selenium.remote.RemoteWebDriver.execute(RemoteWebDriver.java:552)
at org.openqa.selenium.remote.RemoteWebDriver.findElement(RemoteWebDriver.java:323)
at org.openqa.selenium.remote.RemoteWebDriver.findElementByXPath(RemoteWebDriver.java:428)
at org.openqa.selenium.By$ByXPath.findElement(By.java:353)
at org.openqa.selenium.remote.RemoteWebDriver.findElement(RemoteWebDriver.java:315)
at org.openqa.selenium.support.pagefactory.DefaultElementLocator.findElement(DefaultElementLocator.java:69)
at org.openqa.selenium.support.pagefactory.internal.LocatingElementHandler.invoke(LocatingElementHandler.java:38)
at jdk.proxy2/jdk.proxy2.$Proxy17.isDisplayed(Unknown Source)
at pageObjects.Aster.CommonHomePharmacy.cartitemscountvalidation(CommonHomePharmacy.java:394)
at productionSmoke.ProductionHomePageGuestUserSmokeSuite.VerifyAddandRemoveProducttoCart(ProductionHomePageGuestUserSmokeSuite.java:247)
at java.base/java.util.ArrayList.forEach(ArrayList.java:1511)
at java.base/java.util.concurrent.FutureTask.run(FutureTask.java:264)
at java.base/java.util.concurrent.ThreadPoolExecutor.runWorker(ThreadPoolExecutor.java:1136)
at java.base/java.util.concurrent.ThreadPoolExecutor$Worker.run(ThreadPoolExecutor.java:635)
at java.base/java.lang.Thread.run(Thread.java:833)
... Removed 22 stack frames]]>
    </failure>
  </testcase> <!-- VerifyAddandRemoveProducttoCart -->
  <testcase classname="productionSmoke.ProductionHomePageGuestUserSmokeSuite" name="VerifyAddandRemoveProducttoCart" time="186.264"/>
  <testcase classname="productionSmoke.ProductionHomePageGuestUserSmokeSuite" name="BookAppointment" time="76.83"/>
  <testcase classname="productionSmoke.ProductionHomePageGuestUserSmokeSuite" name="VerifySearchValues" time="28.013"/>
  <testcase classname="productionSmoke.ProductionHomePageGuestUserSmokeSuite" name="VerifySearchValues" time="21.901"/>
  <testcase classname="productionSmoke.ProductionHomePageGuestUserSmokeSuite" name="VerifySearchValues" time="58.291"/>
  <testcase classname="testUtils.BaseTest" name="@AfterTest tearDown" time="0.0">
    <ignored/>
  </testcase> <!-- @AfterTest tearDown -->
  <testcase classname="testUtils.BaseTest" name="@BeforeTest getPingIdToken" time="0.0">
    <ignored/>
  </testcase> <!-- @BeforeTest getPingIdToken -->
</testsuite> <!-- Smoke Login Page -->
